\BOOKMARK [1][-]{section.1}{Introduction}{}% 1
\BOOKMARK [1][-]{section.2}{Three Dimensions}{}% 2
\BOOKMARK [2][-]{subsection.2.1}{Focus and Prosodic Prominence}{section.2}% 3
\BOOKMARK [2][-]{subsection.2.2}{Syntactic constituent Structure and Phrasing}{section.2}% 4
\BOOKMARK [2][-]{subsection.2.3}{Speech act and Intonational Tune}{section.2}% 5
\BOOKMARK [2][-]{subsection.2.4}{Interactions}{section.2}% 6
\BOOKMARK [1][-]{section.3}{The Experiment}{}% 7
\BOOKMARK [2][-]{subsection.3.1}{Methods}{section.3}% 8
\BOOKMARK [2][-]{subsection.3.2}{Speech materials}{section.3}% 9
\BOOKMARK [2][-]{subsection.3.3}{Procedure}{section.3}% 10
\BOOKMARK [2][-]{subsection.3.4}{Participants}{section.3}% 11
\BOOKMARK [2][-]{subsection.3.5}{Annotation and Quality Control}{section.3}% 12
\BOOKMARK [2][-]{subsection.3.6}{Acoustic Processing of data}{section.3}% 13
\BOOKMARK [2][-]{subsection.3.7}{Results: Durational Effects}{section.3}% 14
\BOOKMARK [2][-]{subsection.3.8}{Results: Intensity Effects}{section.3}% 15
\BOOKMARK [2][-]{subsection.3.9}{Results: F0 Effects}{section.3}% 16
\BOOKMARK [1][-]{section.4}{Discussion}{}% 17
\BOOKMARK [1][-]{section.5}{How well is phrasing cued post-focally?}{}% 18
\BOOKMARK [2][-]{subsection.5.1}{Methods}{section.5}% 19
\BOOKMARK [2][-]{subsection.5.2}{Results}{section.5}% 20
\BOOKMARK [2][-]{subsection.5.3}{Discussion}{section.5}% 21
\BOOKMARK [1][-]{section.6}{Focus Prominence vs. Phrasal Prominence}{}% 22
\BOOKMARK [2][-]{subsection.6.1}{Post-focal phrasing}{section.6}% 23
\BOOKMARK [2][-]{subsection.6.2}{Phrasing-related prominence}{section.6}% 24
\BOOKMARK [2][-]{subsection.6.3}{Phrasal prominence uses different cues}{section.6}% 25
\BOOKMARK [2][-]{subsection.6.4}{Dissociating Phrasing Prominence and Focus Prominence?}{section.6}% 26
\BOOKMARK [1][-]{section.7}{Conclusion}{}% 27
\BOOKMARK [2][-]{subsection.7.1}{Experimental Stimuli}{section.7}% 28
\BOOKMARK [2][-]{subsection.7.2}{Number of tokens per condition \(after exclusion of disfluent data\)}{section.7}% 29
\BOOKMARK [2][-]{subsection.7.3}{Additional plots}{section.7}% 30
\BOOKMARK [2][-]{subsection.7.4}{Regression models for word A and word C}{section.7}% 31
